<?xml version="1.0" encoding="UTF-8"?>
<!-- Generated by org.testng.reporters.JUnitReportReporter -->
<testsuite hostname="Pauls-MacBook-Pro.local" failures="0" tests="1" name="com.qa.test.GetApiTest" time="2.445" errors="0" timestamp="2020-04-17T16:23:15 BST" skipped="0">
  <testcase classname="com.qa.test.GetApiTest" name="getAPITestWithHeaders" time="2.445"/>
  <system-out/>
</testsuite> <!-- com.qa.test.GetApiTest -->
